Sep 22 20:10:19 fedora polkitd[792]: Loading rules from directory /etc/polkit-1/rules.d
Sep 22 20:10:19 fedora polkitd[792]: Loading rules from directory /run/polkit-1/rules.d
Sep 22 20:10:19 fedora polkitd[792]: Error opening rules directory: Error opening directory “/run/polkit-1/rules.d”: No such file or directory (g-file-error-quark, 4)
Sep 22 20:10:19 fedora polkitd[792]: Loading rules from directory /usr/local/share/polkit-1/rules.d
Sep 22 20:10:19 fedora polkitd[792]: Error opening rules directory: Error opening directory “/usr/local/share/polkit-1/rules.d”: No such file or directory (g-file-error-quark, 4)
Sep 22 20:10:19 fedora polkitd[792]: Loading rules from directory /usr/share/polkit-1/rules.d
Sep 22 20:10:19 fedora polkitd[792]: Finished loading, compiling and executing 20 rules
Sep 22 20:10:19 fedora polkitd[792]: Acquired the name org.freedesktop.PolicyKit1 on the system bus
Sep 22 20:10:20 fedora (systemd)[1359]: pam_unix(systemd-user:session): session opened for user gnome-initial-setup(uid=978) by gnome-initial-setup(uid=0)
Sep 22 20:10:20 fedora gdm-launch-environment][1331]: pam_unix(gdm-launch-environment:session): session opened for user gnome-initial-setup(uid=978) by (uid=0)
Sep 22 20:10:50 fedora pkexec[2128]: pam_unix(polkit-1:session): session opened for user root(uid=0) by (uid=978)
Sep 22 20:10:50 fedora pkexec[2128]: gnome-initial-setup: Executing command [USER=root] [TTY=unknown] [CWD=/run/gnome-initial-setup] [COMMAND=/usr/bin/fedora-third-party enable]
Sep 22 20:10:50 fedora polkitd[792]: Registered Authentication Agent for unix-process:2133:3584 (system bus name :1.85 [flatpak remotes --system --show-disabled --columns=name,filter,options], object path /org/freedesktop/PolicyKit1/AuthenticationAgent, locale en_US.UTF-8)
Sep 22 20:10:50 fedora polkitd[792]: Unregistered Authentication Agent for unix-process:2133:3584 (system bus name :1.85, object path /org/freedesktop/PolicyKit1/AuthenticationAgent, locale en_US.UTF-8)
Sep 22 20:10:50 fedora polkitd[792]: Registered Authentication Agent for unix-process:2147:3590 (system bus name :1.86 [flatpak remote-add --from flathub /usr/lib/fedora-third-party/conf.d/fedora-flathub.flatpakrepo --title Flathub --comment Central repository of Flatpak applications --description Central repository of Flatpak applications], object path /org/freedesktop/PolicyKit1/AuthenticationAgent, locale en_US.UTF-8)
Sep 22 20:10:52 fedora polkitd[792]: Unregistered Authentication Agent for unix-process:2147:3590 (system bus name :1.86, object path /org/freedesktop/PolicyKit1/AuthenticationAgent, locale en_US.UTF-8)
Sep 22 20:11:12 fedora accounts-daemon[801]: request by system-bus-name::1.77 [/usr/libexec/gnome-initial-setup pid:1989 uid:978]: create user 'windowsxp'
Sep 22 20:11:12 fedora useradd[2219]: new group: name=windowsxp, GID=1000
Sep 22 20:11:12 fedora useradd[2219]: new user: name=windowsxp, UID=1000, GID=1000, home=/home/windowsxp, shell=/bin/bash, from=none
Sep 22 20:11:12 fedora useradd[2219]: add 'windowsxp' to group 'wheel'
Sep 22 20:11:12 fedora useradd[2219]: add 'windowsxp' to shadow group 'wheel'
Sep 22 20:11:12 fedora accounts-daemon[801]: request by system-bus-name::1.77 [/usr/libexec/gnome-initial-setup pid:1989 uid:978]: set password and hint of user 'windowsxp' (1000)
Sep 22 20:11:14 fedora gdm-password][2231]: gkr-pam: unable to locate daemon control file
Sep 22 20:11:14 fedora gdm-password][2231]: gkr-pam: stashed password to try later in open session
Sep 22 20:11:14 fedora (systemd)[2241]: pam_unix(systemd-user:session): session opened for user windowsxp(uid=1000) by windowsxp(uid=0)
Sep 22 20:11:14 fedora gdm-password][2231]: pam_unix(gdm-password:session): session opened for user windowsxp(uid=1000) by windowsxp(uid=0)
Sep 22 20:11:14 fedora gdm-password][2231]: gkr-pam: gnome-keyring-daemon started properly and unlocked keyring
Sep 22 20:11:16 fedora polkitd[792]: Registered Authentication Agent for unix-session:2 (system bus name :1.104 [/usr/bin/gnome-shell], object path /org/freedesktop/PolicyKit1/AuthenticationAgent, locale en_US.UTF-8)
Sep 22 20:11:18 fedora gdm-launch-environment][1331]: pam_unix(gdm-launch-environment:session): session closed for user gnome-initial-setup
Sep 22 20:12:26 fedora sudo[3537]: windowsxp : TTY=pts/0 ; PWD=/var/log ; USER=root ; COMMAND=/usr/sbin/cat secure
Sep 22 20:12:26 fedora (systemd)[3555]: pam_unix(systemd-user:session): session opened for user root(uid=0) by root(uid=0)
Sep 22 20:12:26 fedora sudo[3537]: pam_unix(sudo:session): session opened for user root(uid=0) by windowsxp(uid=1000)
Sep 22 20:12:26 fedora sudo[3537]: pam_unix(sudo:session): session closed for user root
Sep 22 20:15:45 fedora sudo[4126]: windowsxp : TTY=pts/0 ; PWD=/home/windowsxp ; USER=root ; COMMAND=/usr/sbin/cp /var/log/secure /home/windowsxp/log_export/secure.log
Sep 22 20:15:45 fedora (systemd)[4139]: pam_unix(systemd-user:session): session opened for user root(uid=0) by root(uid=0)
Sep 22 20:15:45 fedora sudo[4126]: pam_unix(sudo:session): session opened for user root(uid=0) by windowsxp(uid=1000)
Sep 22 20:15:45 fedora sudo[4126]: pam_unix(sudo:session): session closed for user root
Sep 22 20:15:45 fedora sudo[4160]: windowsxp : TTY=pts/0 ; PWD=/home/windowsxp ; USER=root ; COMMAND=/usr/sbin/chown windowsxp:windowsxp /home/windowsxp/log_export/secure.log
Sep 22 20:15:45 fedora sudo[4160]: pam_unix(sudo:session): session opened for user root(uid=0) by windowsxp(uid=1000)
Sep 22 20:15:45 fedora sudo[4160]: pam_unix(sudo:session): session closed for user root
Sep 22 20:15:45 fedora sudo[4167]: windowsxp : TTY=pts/0 ; PWD=/home/windowsxp ; USER=root ; COMMAND=/usr/sbin/mkdir -p /var/www/html/log_export
Sep 22 20:15:45 fedora sudo[4167]: pam_unix(sudo:session): session opened for user root(uid=0) by windowsxp(uid=1000)
Sep 22 20:15:45 fedora sudo[4167]: pam_unix(sudo:session): session closed for user root
Sep 22 20:15:45 fedora sudo[4172]: windowsxp : TTY=pts/0 ; PWD=/home/windowsxp ; USER=root ; COMMAND=/usr/sbin/cp /home/windowsxp/log_export/secure.log /var/www/html/log_export/secure.log
Sep 22 20:15:45 fedora sudo[4172]: pam_unix(sudo:session): session opened for user root(uid=0) by windowsxp(uid=1000)
Sep 22 20:15:45 fedora sudo[4172]: pam_unix(sudo:session): session closed for user root
Sep 22 20:15:45 fedora sudo[4176]: windowsxp : TTY=pts/0 ; PWD=/home/windowsxp ; USER=root ; COMMAND=/usr/sbin/chmod +r /var/www/html/log_export/secure.log
Sep 22 20:15:45 fedora sudo[4176]: pam_unix(sudo:session): session opened for user root(uid=0) by windowsxp(uid=1000)
Sep 22 20:15:45 fedora sudo[4176]: pam_unix(sudo:session): session closed for user root
Sep 22 20:18:12 fedora sudo[4282]: windowsxp : TTY=pts/0 ; PWD=/home/windowsxp ; USER=root ; COMMAND=/usr/sbin/dnf install -y httpd
Sep 22 20:18:12 fedora (systemd)[4287]: pam_unix(systemd-user:session): session opened for user root(uid=0) by root(uid=0)
Sep 22 20:18:12 fedora sudo[4282]: pam_unix(sudo:session): session opened for user root(uid=0) by windowsxp(uid=1000)
Sep 22 20:18:54 fedora sudo[4282]: pam_unix(sudo:session): session closed for user root
Sep 22 20:18:58 fedora sudo[4335]: windowsxp : TTY=pts/0 ; PWD=/home/windowsxp ; USER=root ; COMMAND=/usr/sbin/systemctl enable --now httpd
Sep 22 20:18:58 fedora sudo[4335]: pam_unix(sudo:session): session opened for user root(uid=0) by windowsxp(uid=1000)
Sep 22 20:18:58 fedora sudo[4335]: pam_unix(sudo:session): session closed for user root
Sep 22 20:19:04 fedora sudo[4673]: windowsxp : TTY=pts/0 ; PWD=/home/windowsxp ; USER=root ; COMMAND=/usr/sbin/firewall-cmd --permanent --add-service=http
Sep 22 20:19:04 fedora sudo[4673]: pam_unix(sudo:session): session opened for user root(uid=0) by windowsxp(uid=1000)
Sep 22 20:19:04 fedora sudo[4673]: pam_unix(sudo:session): session closed for user root
Sep 22 20:19:04 fedora sudo[4677]: windowsxp : TTY=pts/0 ; PWD=/home/windowsxp ; USER=root ; COMMAND=/usr/sbin/firewall-cmd --reload
Sep 22 20:19:05 fedora sudo[4677]: pam_unix(sudo:session): session opened for user root(uid=0) by windowsxp(uid=1000)
Sep 22 20:19:05 fedora sudo[4677]: pam_unix(sudo:session): session closed for user root
Sep 22 20:19:11 fedora sudo[4691]: windowsxp : TTY=pts/0 ; PWD=/home/windowsxp ; USER=root ; COMMAND=/usr/sbin/systemctl status httpd
Sep 22 20:19:11 fedora sudo[4691]: pam_unix(sudo:session): session opened for user root(uid=0) by windowsxp(uid=1000)
Sep 22 20:19:12 fedora sudo[4691]: pam_unix(sudo:session): session closed for user root
Sep 22 20:19:17 fedora gdm-password][2231]: pam_unix(gdm-password:session): session closed for user windowsxp
Sep 22 20:19:18 fedora polkitd[792]: Unregistered Authentication Agent for unix-session:2 (system bus name :1.104, object path /org/freedesktop/PolicyKit1/AuthenticationAgent, locale en_US.UTF-8) (disconnected from bus)
Sep 22 20:19:26 fedora polkitd[787]: Loading rules from directory /etc/polkit-1/rules.d
Sep 22 20:19:26 fedora polkitd[787]: Loading rules from directory /run/polkit-1/rules.d
Sep 22 20:19:26 fedora polkitd[787]: Error opening rules directory: Error opening directory “/run/polkit-1/rules.d”: No such file or directory (g-file-error-quark, 4)
Sep 22 20:19:26 fedora polkitd[787]: Loading rules from directory /usr/local/share/polkit-1/rules.d
Sep 22 20:19:26 fedora polkitd[787]: Error opening rules directory: Error opening directory “/usr/local/share/polkit-1/rules.d”: No such file or directory (g-file-error-quark, 4)
Sep 22 20:19:26 fedora polkitd[787]: Loading rules from directory /usr/share/polkit-1/rules.d
Sep 22 20:19:26 fedora polkitd[787]: Finished loading, compiling and executing 20 rules
Sep 22 20:19:26 fedora polkitd[787]: Acquired the name org.freedesktop.PolicyKit1 on the system bus
Sep 22 20:19:27 fedora (systemd)[1276]: pam_unix(systemd-user:session): session opened for user gdm(uid=42) by gdm(uid=0)
Sep 22 20:19:27 fedora gdm-launch-environment][1081]: pam_unix(gdm-launch-environment:session): session opened for user gdm(uid=42) by (uid=0)
Sep 22 20:19:29 fedora polkitd[787]: Registered Authentication Agent for unix-session:c1 (system bus name :1.34 [/usr/bin/gnome-shell], object path /org/freedesktop/PolicyKit1/AuthenticationAgent, locale en_US.UTF-8)
Sep 22 20:19:35 fedora gdm-password][1941]: gkr-pam: unable to locate daemon control file
Sep 22 20:19:35 fedora gdm-password][1941]: gkr-pam: stashed password to try later in open session
Sep 22 20:19:36 fedora (systemd)[1951]: pam_unix(systemd-user:session): session opened for user windowsxp(uid=1000) by windowsxp(uid=0)
Sep 22 20:19:36 fedora gdm-password][1941]: pam_unix(gdm-password:session): session opened for user windowsxp(uid=1000) by windowsxp(uid=0)
Sep 22 20:19:36 fedora gdm-password][1941]: gkr-pam: gnome-keyring-daemon started properly and unlocked keyring
Sep 22 20:19:38 fedora polkitd[787]: Registered Authentication Agent for unix-session:2 (system bus name :1.101 [/usr/bin/gnome-shell], object path /org/freedesktop/PolicyKit1/AuthenticationAgent, locale en_US.UTF-8)
Sep 22 20:19:40 fedora gdm-launch-environment][1081]: pam_unix(gdm-launch-environment:session): session closed for user gdm
Sep 22 20:19:41 fedora polkitd[787]: Unregistered Authentication Agent for unix-session:c1 (system bus name :1.34, object path /org/freedesktop/PolicyKit1/AuthenticationAgent, locale en_US.UTF-8) (disconnected from bus)
